SF:lib\main.dart
DA:16,0
DA:17,0
DA:18,0
DA:19,0
DA:21,0
DA:25,1
DA:28,1
DA:30,1
DA:31,1
DA:32,1
DA:33,3
DA:35,1
DA:38,1
DA:39,1
DA:42,1
DA:44,2
DA:45,0
DA:46,0
DA:47,0
DA:48,0
DA:49,0
DA:50,0
LF:22
LH:11
end_of_record
SF:lib\components\drawer_menu.dart
DA:6,1
DA:10,0
DA:12,0
DA:13,0
DA:14,0
DA:15,0
DA:17,0
DA:21,0
DA:22,0
DA:26,0
DA:30,0
DA:31,0
DA:34,0
DA:38,0
DA:39,0
DA:42,0
DA:46,0
DA:47,0
DA:48,0
LF:19
LH:1
end_of_record
SF:lib\components\task_form.dart
DA:7,0
DA:9,0
DA:11,0
DA:20,0
DA:22,0
DA:23,0
DA:25,0
DA:26,0
DA:27,0
DA:28,0
DA:30,0
DA:35,0
DA:37,0
DA:42,0
DA:43,0
DA:44,0
DA:45,0
DA:47,0
DA:53,0
DA:54,0
LF:20
LH:0
end_of_record
SF:lib\providers\task_provider.dart
DA:26,0
DA:27,0
DA:31,0
DA:33,0
DA:37,0
DA:38,0
DA:39,0
DA:40,0
DA:43,0
DA:47,0
DA:48,0
DA:49,0
DA:50,0
DA:51,0
DA:52,0
DA:57,0
DA:58,0
DA:59,0
DA:60,0
DA:62,0
DA:64,0
DA:65,0
DA:66,0
DA:67,0
DA:68,0
DA:72,0
DA:73,0
DA:75,0
DA:76,0
DA:77,0
LF:30
LH:0
end_of_record
SF:lib\components\task_list.dart
DA:8,1
DA:10,0
DA:12,0
DA:13,0
DA:15,0
DA:16,0
DA:19,0
DA:20,0
DA:21,0
DA:22,0
DA:24,0
LF:11
LH:1
end_of_record
SF:lib\components\task_list_tile.dart
DA:9,0
DA:16,0
DA:18,0
DA:21,0
DA:22,0
DA:23,0
DA:26,0
DA:38,0
DA:39,0
DA:40,0
DA:41,0
DA:43,0
LF:12
LH:0
end_of_record
SF:lib\firebase_options.dart
DA:18,0
DA:22,0
DA:23,0
DA:25,0
DA:27,0
DA:29,0
DA:31,0
DA:32,0
DA:37,0
LF:9
LH:0
end_of_record
SF:lib\providers\auth_provider.dart
DA:10,0
DA:12,0
DA:13,0
DA:15,0
DA:16,0
DA:18,0
DA:19,0
DA:20,0
DA:21,0
DA:26,0
DA:28,0
DA:29,0
DA:31,0
DA:32,0
DA:34,0
DA:35,0
DA:36,0
DA:37,0
LF:18
LH:0
end_of_record
SF:lib\screens\details_screen.dart
DA:7,1
DA:9,0
DA:11,0
DA:12,0
DA:13,0
DA:14,0
DA:16,0
DA:17,0
DA:21,0
DA:22,0
DA:23,0
DA:24,0
DA:25,0
DA:26,0
DA:27,0
DA:28,0
DA:29,0
DA:30,0
LF:18
LH:1
end_of_record
SF:lib\screens\folder_list_screen.dart
DA:7,1
DA:9,0
DA:15,0
DA:16,0
DA:20,0
DA:21,0
DA:22,0
DA:23,0
DA:24,0
DA:25,0
DA:26,0
DA:27,0
DA:28,0
DA:29,0
DA:30,0
DA:38,0
DA:39,0
DA:40,0
DA:41,0
DA:42,0
DA:49,0
DA:50,0
LF:22
LH:1
end_of_record
SF:lib\screens\form_screen.dart
DA:5,1
DA:7,0
DA:9,0
DA:13,0
DA:15,0
LF:5
LH:1
end_of_record
SF:lib\screens\home_screen.dart
DA:6,0
DA:8,0
DA:9,0
DA:13,0
DA:15,0
DA:18,0
DA:20,0
DA:21,0
DA:26,0
LF:9
LH:0
end_of_record
SF:lib\screens\signin_screen.dart
DA:7,1
DA:12,1
DA:14,1
DA:16,0
DA:17,0
DA:19,0
DA:20,0
DA:22,0
DA:23,0
DA:29,0
DA:31,0
DA:32,0
DA:37,0
DA:38,0
DA:39,0
DA:40,0
DA:42,0
DA:43,0
DA:45,0
DA:51,0
DA:52,0
DA:53,0
DA:58,0
LF:23
LH:3
end_of_record
SF:lib\screens\signup_picture_screen.dart
DA:5,1
DA:7,0
DA:8,0
DA:14,0
DA:17,0
DA:18,0
DA:19,0
DA:20,0
DA:23,0
DA:27,0
DA:29,0
DA:30,0
DA:31,0
DA:32,0
DA:33,0
DA:34,0
DA:35,0
DA:40,0
DA:41,0
DA:45,0
DA:46,0
DA:48,0
LF:22
LH:1
end_of_record
SF:lib\screens\signup_screen.dart
DA:10,0
DA:12,0
DA:13,0
DA:22,0
DA:24,0
DA:26,0
DA:27,0
DA:28,0
DA:29,0
DA:30,0
DA:32,0
DA:33,0
DA:34,0
DA:35,0
DA:36,0
DA:39,0
DA:41,0
DA:42,0
DA:43,0
DA:44,0
DA:50,0
DA:51,0
DA:53,0
DA:54,0
DA:56,0
DA:57,0
DA:62,0
DA:67,0
DA:68,0
DA:69,0
DA:75,0
DA:76,0
DA:83,0
DA:88,0
DA:89,0
DA:90,0
DA:96,0
DA:97,0
DA:104,0
DA:105,0
DA:106,0
DA:107,0
DA:110,0
DA:111,0
DA:113,0
DA:114,0
DA:115,0
DA:117,0
DA:126,0
DA:127,0
DA:128,0
DA:132,0
LF:52
LH:0
end_of_record
SF:lib\services\folder_service.dart
DA:11,0
DA:12,0
DA:13,0
DA:15,0
DA:16,0
DA:17,0
DA:18,0
DA:24,0
DA:25,0
DA:26,0
DA:27,0
DA:30,0
DA:31,0
DA:35,0
DA:37,0
DA:38,0
DA:39,0
DA:40,0
DA:43,0
DA:44,0
DA:46,0
DA:47,0
DA:48,0
DA:53,0
DA:55,0
DA:57,0
LF:26
LH:0
end_of_record
